2016-03-31 14:53:59,657 [INFO] Line:29 - hello
2016-03-31 14:57:01,490 [INFO] File:log.py Line:29 - 1
2016-03-31 15:00:04,384 [INFO] File:log.py Line:29 - 1
2016-03-31 15:00:27,336 [WARNING] File:log.py Line:29 - 1
2016-03-31 15:01:34,138 [WARNING] File:log.py Line:29 - 1
2016-03-31 15:01:34,252 [WARNING] File:snapshot.py Line:42 - load intraday data: set([u'000917.XSHE', u'601608.XSHG', u'000156.XSHE', u'000540.XSHE', u'601919.XSHG', u'600705.XSHG', u'600170.XSHG', '000300.XSHG', u'002673.XSHE', u'600570.XSHG', u'601989.XSHG'])
2016-03-31 15:06:53,150 [WARNING] File:snapshot.py Line:40 - load intraday data: set([u'000917.XSHE', u'601608.XSHG', u'000156.XSHE', u'000540.XSHE', u'601919.XSHG', u'600705.XSHG', u'600170.XSHG', '000300.XSHG', u'002673.XSHE', u'600570.XSHG', u'601989.XSHG'])
2016-03-31 15:06:53,151 [INFO] File:baidu.py Line:82 - get "http://gupiao.baidu.com/api/stocks/stocktimeline?from=pc&os_ver=1&cuid=xxx&vv=100&format=json&stock_code=sz000917"
2016-03-31 15:06:53,588 [INFO] File:baidu.py Line:82 - get "http://gupiao.baidu.com/api/stocks/stocktimeline?from=pc&os_ver=1&cuid=xxx&vv=100&format=json&stock_code=sh601608"
2016-03-31 15:06:54,040 [INFO] File:baidu.py Line:82 - get "http://gupiao.baidu.com/api/stocks/stocktimeline?from=pc&os_ver=1&cuid=xxx&vv=100&format=json&stock_code=sz000156"
2016-03-31 15:06:54,408 [INFO] File:baidu.py Line:82 - get "http://gupiao.baidu.com/api/stocks/stocktimeline?from=pc&os_ver=1&cuid=xxx&vv=100&format=json&stock_code=sz000540"
2016-03-31 15:06:54,779 [INFO] File:baidu.py Line:82 - get "http://gupiao.baidu.com/api/stocks/stocktimeline?from=pc&os_ver=1&cuid=xxx&vv=100&format=json&stock_code=sh601919"
2016-03-31 15:06:55,177 [INFO] File:baidu.py Line:82 - get "http://gupiao.baidu.com/api/stocks/stocktimeline?from=pc&os_ver=1&cuid=xxx&vv=100&format=json&stock_code=sh600705"
2016-03-31 15:06:55,596 [INFO] File:baidu.py Line:82 - get "http://gupiao.baidu.com/api/stocks/stocktimeline?from=pc&os_ver=1&cuid=xxx&vv=100&format=json&stock_code=sh600170"
2016-03-31 15:06:55,918 [INFO] File:baidu.py Line:82 - get "http://gupiao.baidu.com/api/stocks/stocktimeline?from=pc&os_ver=1&cuid=xxx&vv=100&format=json&stock_code=sh000300"
2016-03-31 15:06:56,249 [INFO] File:baidu.py Line:82 - get "http://gupiao.baidu.com/api/stocks/stocktimeline?from=pc&os_ver=1&cuid=xxx&vv=100&format=json&stock_code=sz002673"
2016-03-31 15:06:56,519 [INFO] File:baidu.py Line:82 - get "http://gupiao.baidu.com/api/stocks/stocktimeline?from=pc&os_ver=1&cuid=xxx&vv=100&format=json&stock_code=sh600570"
2016-03-31 15:06:56,766 [INFO] File:baidu.py Line:82 - get "http://gupiao.baidu.com/api/stocks/stocktimeline?from=pc&os_ver=1&cuid=xxx&vv=100&format=json&stock_code=sh601989"
2016-03-31 15:16:57,664 [INFO] File:baidu.py Line:88 - get "http://gupiao.baidu.com/api/stocks/stocktimeline?from=pc&os_ver=1&cuid=xxx&vv=100&format=json&stock_code=sz000917"
2016-03-31 15:16:57,924 [INFO] File:baidu.py Line:88 - get "http://gupiao.baidu.com/api/stocks/stocktimeline?from=pc&os_ver=1&cuid=xxx&vv=100&format=json&stock_code=sh601608"
2016-03-31 15:16:58,259 [INFO] File:baidu.py Line:88 - get "http://gupiao.baidu.com/api/stocks/stocktimeline?from=pc&os_ver=1&cuid=xxx&vv=100&format=json&stock_code=sz000156"
2016-03-31 15:16:58,592 [INFO] File:baidu.py Line:88 - get "http://gupiao.baidu.com/api/stocks/stocktimeline?from=pc&os_ver=1&cuid=xxx&vv=100&format=json&stock_code=sz000540"
2016-03-31 15:16:58,857 [INFO] File:baidu.py Line:88 - get "http://gupiao.baidu.com/api/stocks/stocktimeline?from=pc&os_ver=1&cuid=xxx&vv=100&format=json&stock_code=sh601919"
2016-03-31 15:16:59,117 [INFO] File:baidu.py Line:88 - get "http://gupiao.baidu.com/api/stocks/stocktimeline?from=pc&os_ver=1&cuid=xxx&vv=100&format=json&stock_code=sh600705"
2016-03-31 15:16:59,382 [INFO] File:baidu.py Line:88 - get "http://gupiao.baidu.com/api/stocks/stocktimeline?from=pc&os_ver=1&cuid=xxx&vv=100&format=json&stock_code=sh600170"
2016-03-31 15:16:59,628 [INFO] File:baidu.py Line:88 - get "http://gupiao.baidu.com/api/stocks/stocktimeline?from=pc&os_ver=1&cuid=xxx&vv=100&format=json&stock_code=sh000300"
2016-03-31 15:16:59,851 [INFO] File:baidu.py Line:88 - get "http://gupiao.baidu.com/api/stocks/stocktimeline?from=pc&os_ver=1&cuid=xxx&vv=100&format=json&stock_code=sz002673"
2016-03-31 15:17:00,148 [INFO] File:baidu.py Line:88 - get "http://gupiao.baidu.com/api/stocks/stocktimeline?from=pc&os_ver=1&cuid=xxx&vv=100&format=json&stock_code=sh600570"
2016-03-31 15:17:00,424 [INFO] File:baidu.py Line:88 - get "http://gupiao.baidu.com/api/stocks/stocktimeline?from=pc&os_ver=1&cuid=xxx&vv=100&format=json&stock_code=sh601989"
2016-03-31 15:17:28,112 [INFO] File:baidu.py Line:88 - get "http://gupiao.baidu.com/api/stocks/stocktimeline?from=pc&os_ver=1&cuid=xxx&vv=100&format=json&stock_code=sz000917"
2016-03-31 15:17:28,361 [INFO] File:baidu.py Line:88 - get "http://gupiao.baidu.com/api/stocks/stocktimeline?from=pc&os_ver=1&cuid=xxx&vv=100&format=json&stock_code=sh601608"
2016-03-31 15:17:28,631 [INFO] File:baidu.py Line:88 - get "http://gupiao.baidu.com/api/stocks/stocktimeline?from=pc&os_ver=1&cuid=xxx&vv=100&format=json&stock_code=sz000156"
2016-03-31 15:17:28,924 [INFO] File:baidu.py Line:88 - get "http://gupiao.baidu.com/api/stocks/stocktimeline?from=pc&os_ver=1&cuid=xxx&vv=100&format=json&stock_code=sz000540"
2016-03-31 15:17:29,184 [INFO] File:baidu.py Line:88 - get "http://gupiao.baidu.com/api/stocks/stocktimeline?from=pc&os_ver=1&cuid=xxx&vv=100&format=json&stock_code=sh601919"
2016-03-31 15:17:29,423 [INFO] File:baidu.py Line:88 - get "http://gupiao.baidu.com/api/stocks/stocktimeline?from=pc&os_ver=1&cuid=xxx&vv=100&format=json&stock_code=sh600705"
2016-03-31 15:17:29,760 [INFO] File:baidu.py Line:88 - get "http://gupiao.baidu.com/api/stocks/stocktimeline?from=pc&os_ver=1&cuid=xxx&vv=100&format=json&stock_code=sh600170"
2016-03-31 15:17:30,013 [INFO] File:baidu.py Line:88 - get "http://gupiao.baidu.com/api/stocks/stocktimeline?from=pc&os_ver=1&cuid=xxx&vv=100&format=json&stock_code=sh000300"
2016-03-31 15:17:30,239 [INFO] File:baidu.py Line:88 - get "http://gupiao.baidu.com/api/stocks/stocktimeline?from=pc&os_ver=1&cuid=xxx&vv=100&format=json&stock_code=sz002673"
2016-03-31 15:17:30,496 [INFO] File:baidu.py Line:88 - get "http://gupiao.baidu.com/api/stocks/stocktimeline?from=pc&os_ver=1&cuid=xxx&vv=100&format=json&stock_code=sh600570"
2016-03-31 15:17:30,744 [INFO] File:baidu.py Line:88 - get "http://gupiao.baidu.com/api/stocks/stocktimeline?from=pc&os_ver=1&cuid=xxx&vv=100&format=json&stock_code=sh601989"
2016-03-31 15:17:31,279 [INFO] File:snapshot.py Line:92 - ./temp/snapshot.jpg has been saved
2016-03-31 15:42:10,246 [INFO] File:baidu.py Line:88 - get "http://gupiao.baidu.com/api/stocks/stocktimeline?from=pc&os_ver=1&cuid=xxx&vv=100&format=json&stock_code=sh600783"
2016-03-31 15:42:10,594 [INFO] File:baidu.py Line:88 - get "http://gupiao.baidu.com/api/stocks/stocktimeline?from=pc&os_ver=1&cuid=xxx&vv=100&format=json&stock_code=sz000009"
2016-03-31 15:50:10,000 [INFO] File:baidu.py Line:88 - get "http://gupiao.baidu.com/api/stocks/stocktimeline?from=pc&os_ver=1&cuid=xxx&vv=100&format=json&stock_code=sz000009"
2016-03-31 15:50:10,289 [INFO] File:baidu.py Line:88 - get "http://gupiao.baidu.com/api/stocks/stocktimeline?from=pc&os_ver=1&cuid=xxx&vv=100&format=json&stock_code=sz000917"
2016-03-31 15:50:10,536 [INFO] File:baidu.py Line:88 - get "http://gupiao.baidu.com/api/stocks/stocktimeline?from=pc&os_ver=1&cuid=xxx&vv=100&format=json&stock_code=sz000156"
2016-03-31 15:50:10,832 [INFO] File:baidu.py Line:88 - get "http://gupiao.baidu.com/api/stocks/stocktimeline?from=pc&os_ver=1&cuid=xxx&vv=100&format=json&stock_code=sz000540"
2016-03-31 15:50:11,151 [INFO] File:baidu.py Line:88 - get "http://gupiao.baidu.com/api/stocks/stocktimeline?from=pc&os_ver=1&cuid=xxx&vv=100&format=json&stock_code=sh601919"
2016-03-31 15:50:11,447 [INFO] File:baidu.py Line:88 - get "http://gupiao.baidu.com/api/stocks/stocktimeline?from=pc&os_ver=1&cuid=xxx&vv=100&format=json&stock_code=sh600170"
2016-03-31 15:50:11,750 [INFO] File:baidu.py Line:88 - get "http://gupiao.baidu.com/api/stocks/stocktimeline?from=pc&os_ver=1&cuid=xxx&vv=100&format=json&stock_code=sh000300"
2016-03-31 15:50:11,987 [INFO] File:baidu.py Line:88 - get "http://gupiao.baidu.com/api/stocks/stocktimeline?from=pc&os_ver=1&cuid=xxx&vv=100&format=json&stock_code=sz002673"
2016-03-31 15:50:12,247 [INFO] File:baidu.py Line:88 - get "http://gupiao.baidu.com/api/stocks/stocktimeline?from=pc&os_ver=1&cuid=xxx&vv=100&format=json&stock_code=sh601608"
2016-03-31 15:50:12,515 [INFO] File:baidu.py Line:88 - get "http://gupiao.baidu.com/api/stocks/stocktimeline?from=pc&os_ver=1&cuid=xxx&vv=100&format=json&stock_code=sh600783"
2016-03-31 15:50:12,984 [INFO] File:snapshot.py Line:92 - ./temp/snapshot.jpg has been saved
2016-03-31 15:51:09,220 [INFO] File:baidu.py Line:88 - get "http://gupiao.baidu.com/api/stocks/stocktimeline?from=pc&os_ver=1&cuid=xxx&vv=100&format=json&stock_code=sz000009"
2016-03-31 15:51:09,515 [INFO] File:baidu.py Line:88 - get "http://gupiao.baidu.com/api/stocks/stocktimeline?from=pc&os_ver=1&cuid=xxx&vv=100&format=json&stock_code=sz000917"
2016-03-31 15:51:09,780 [INFO] File:baidu.py Line:88 - get "http://gupiao.baidu.com/api/stocks/stocktimeline?from=pc&os_ver=1&cuid=xxx&vv=100&format=json&stock_code=sz000156"
2016-03-31 15:51:10,036 [INFO] File:baidu.py Line:88 - get "http://gupiao.baidu.com/api/stocks/stocktimeline?from=pc&os_ver=1&cuid=xxx&vv=100&format=json&stock_code=sz000540"
2016-03-31 15:51:10,323 [INFO] File:baidu.py Line:88 - get "http://gupiao.baidu.com/api/stocks/stocktimeline?from=pc&os_ver=1&cuid=xxx&vv=100&format=json&stock_code=sh601919"
2016-03-31 15:51:10,565 [INFO] File:baidu.py Line:88 - get "http://gupiao.baidu.com/api/stocks/stocktimeline?from=pc&os_ver=1&cuid=xxx&vv=100&format=json&stock_code=sh600170"
2016-03-31 15:51:10,821 [INFO] File:baidu.py Line:88 - get "http://gupiao.baidu.com/api/stocks/stocktimeline?from=pc&os_ver=1&cuid=xxx&vv=100&format=json&stock_code=sh000300"
2016-03-31 15:51:11,036 [INFO] File:baidu.py Line:88 - get "http://gupiao.baidu.com/api/stocks/stocktimeline?from=pc&os_ver=1&cuid=xxx&vv=100&format=json&stock_code=sz002673"
2016-03-31 15:51:11,292 [INFO] File:baidu.py Line:88 - get "http://gupiao.baidu.com/api/stocks/stocktimeline?from=pc&os_ver=1&cuid=xxx&vv=100&format=json&stock_code=sh601608"
2016-03-31 15:51:11,542 [INFO] File:baidu.py Line:88 - get "http://gupiao.baidu.com/api/stocks/stocktimeline?from=pc&os_ver=1&cuid=xxx&vv=100&format=json&stock_code=sh600783"
2016-03-31 15:51:12,042 [INFO] File:snapshot.py Line:92 - ./temp/snapshot.jpg has been saved
2016-03-31 16:01:09,496 [INFO] File:baidu.py Line:88 - get "http://gupiao.baidu.com/api/stocks/stocktimeline?from=pc&os_ver=1&cuid=xxx&vv=100&format=json&stock_code=sz000009"
2016-03-31 16:01:09,799 [INFO] File:baidu.py Line:88 - get "http://gupiao.baidu.com/api/stocks/stocktimeline?from=pc&os_ver=1&cuid=xxx&vv=100&format=json&stock_code=sz000917"
2016-03-31 16:01:10,091 [INFO] File:baidu.py Line:88 - get "http://gupiao.baidu.com/api/stocks/stocktimeline?from=pc&os_ver=1&cuid=xxx&vv=100&format=json&stock_code=sz000156"
2016-03-31 16:01:10,388 [INFO] File:baidu.py Line:88 - get "http://gupiao.baidu.com/api/stocks/stocktimeline?from=pc&os_ver=1&cuid=xxx&vv=100&format=json&stock_code=sz000540"
2016-03-31 16:01:10,680 [INFO] File:baidu.py Line:88 - get "http://gupiao.baidu.com/api/stocks/stocktimeline?from=pc&os_ver=1&cuid=xxx&vv=100&format=json&stock_code=sh601919"
2016-03-31 16:01:10,941 [INFO] File:baidu.py Line:88 - get "http://gupiao.baidu.com/api/stocks/stocktimeline?from=pc&os_ver=1&cuid=xxx&vv=100&format=json&stock_code=sh600170"
2016-03-31 16:01:11,191 [INFO] File:baidu.py Line:88 - get "http://gupiao.baidu.com/api/stocks/stocktimeline?from=pc&os_ver=1&cuid=xxx&vv=100&format=json&stock_code=sh000300"
2016-03-31 16:01:11,401 [INFO] File:baidu.py Line:88 - get "http://gupiao.baidu.com/api/stocks/stocktimeline?from=pc&os_ver=1&cuid=xxx&vv=100&format=json&stock_code=sz002673"
2016-03-31 16:01:11,733 [INFO] File:baidu.py Line:88 - get "http://gupiao.baidu.com/api/stocks/stocktimeline?from=pc&os_ver=1&cuid=xxx&vv=100&format=json&stock_code=sh601608"
2016-03-31 16:01:12,016 [INFO] File:baidu.py Line:88 - get "http://gupiao.baidu.com/api/stocks/stocktimeline?from=pc&os_ver=1&cuid=xxx&vv=100&format=json&stock_code=sh600783"
2016-03-31 16:01:12,496 [INFO] File:snapshot.py Line:92 - ./temp/snapshot.jpg has been saved
2016-03-31 16:04:50,135 [INFO] File:baidu.py Line:109 - get "http://gupiao.baidu.com/api/stocks/stockdaybar?from=pc&os_ver=1&cuid=xxx&vv=100&format=json&stock_code=sh000300&start=&count=3&fq_type=no"
2016-03-31 16:05:14,394 [INFO] File:baidu.py Line:109 - get "http://gupiao.baidu.com/api/stocks/stockdaybar?from=pc&os_ver=1&cuid=xxx&vv=100&format=json&stock_code=sh000300&start=&count=3&fq_type=no"
2016-03-31 16:09:44,089 [INFO] File:baidu.py Line:109 - get "http://gupiao.baidu.com/api/stocks/stockdaybar?from=pc&os_ver=1&cuid=xxx&vv=100&format=json&stock_code=sh000300&start=&count=3&fq_type=no"
2016-03-31 16:12:21,905 [INFO] File:baidu.py Line:121 - get "http://gupiao.baidu.com/api/stocks/stockdaybar?from=pc&os_ver=1&cuid=xxx&vv=100&format=json&stock_code=sh000300&start=&count=3&fq_type=no"
2016-03-31 16:26:08,437 [INFO] File:baidu.py Line:120 - get "http://gupiao.baidu.com/api/stocks/stockdaybar?from=pc&os_ver=1&cuid=xxx&vv=100&format=json&stock_code=sh000300&start=20160331&count=303&fq_type=no"
2016-03-31 16:26:25,193 [INFO] File:baidu.py Line:120 - get "http://gupiao.baidu.com/api/stocks/stockdaybar?from=pc&os_ver=1&cuid=xxx&vv=100&format=json&stock_code=sh000300&start=20160330&count=302&fq_type=no"
2016-03-31 16:26:59,365 [INFO] File:baidu.py Line:120 - get "http://gupiao.baidu.com/api/stocks/stockdaybar?from=pc&os_ver=1&cuid=xxx&vv=100&format=json&stock_code=sh000300&start=20160330&count=302&fq_type=no"
2016-03-31 16:27:53,242 [INFO] File:baidu.py Line:120 - get "http://gupiao.baidu.com/api/stocks/stockdaybar?from=pc&os_ver=1&cuid=xxx&vv=100&format=json&stock_code=sh000300&start=20160330&count=302&fq_type=no"
2016-03-31 16:39:16,845 [INFO] File:baidu.py Line:121 - get "http://gupiao.baidu.com/api/stocks/stockdaybar?from=pc&os_ver=1&cuid=xxx&vv=100&format=json&stock_code=sh000300&start=20160330&count=1&fq_type=no"
2016-03-31 16:40:26,994 [INFO] File:baidu.py Line:121 - get "http://gupiao.baidu.com/api/stocks/stockdaybar?from=pc&os_ver=1&cuid=xxx&vv=100&format=json&stock_code=sh000300&start=20160330&count=1&fq_type=no"
2016-03-31 16:40:57,631 [INFO] File:baidu.py Line:121 - get "http://gupiao.baidu.com/api/stocks/stockdaybar?from=pc&os_ver=1&cuid=xxx&vv=100&format=json&stock_code=sh000300&start=20160330&count=1&fq_type=no"
