2016-08-26 09:45:15,730 [INFO] File:positions.py Line:33 - Loading positions information from posdb...
2016-08-26 09:45:15,742 [INFO] File:positions.py Line:43 - Successfully loaded positions information!
2016-08-26 09:45:15,743 [INFO] File:terminal.py Line:104 - Loading benchmark data file...
2016-08-26 09:45:15,743 [INFO] File:terminal.py Line:119 - Successfully loaded benchmark data file!
2016-08-26 09:45:16,000 [INFO] File:terminal.py Line:209 - History image saved at ./static/temp/history.
2016-08-26 09:45:16,000 [INFO] File:snapshot.py Line:102 - Downloading snapshot data through scraper...
2016-08-26 09:45:16,000 [INFO] File:baidu.py Line:150 - Loading lastest intraday close prices of set([u'600068.XSHG', u'000839.XSHE', u'002424.XSHE', u'601668.XSHG', u'000300.XSHG', u'000402.XSHE', u'600663.XSHG'])...
2016-08-26 09:45:16,209 [INFO] File:snapshot.py Line:105 - Successfully downloaded snapshot data!
2016-08-26 09:45:16,332 [INFO] File:snapshot.py Line:160 - Snapshot image saved at ./static/temp/snapshot.jpg.
2016-08-26 10:00:30,394 [INFO] File:snapshot.py Line:102 - Downloading snapshot data through scraper...
2016-08-26 10:00:30,394 [INFO] File:baidu.py Line:150 - Loading lastest intraday close prices of set([u'600068.XSHG', u'000839.XSHE', u'002424.XSHE', u'601668.XSHG', u'000300.XSHG', u'000402.XSHE', u'600663.XSHG'])...
2016-08-26 10:00:30,605 [INFO] File:snapshot.py Line:105 - Successfully downloaded snapshot data!
2016-08-26 10:00:30,729 [INFO] File:snapshot.py Line:160 - Snapshot image saved at ./static/temp/snapshot.jpg.
2016-08-26 10:00:30,729 [INFO] File:snapshot.py Line:102 - Downloading snapshot data through scraper...
2016-08-26 10:00:30,729 [INFO] File:baidu.py Line:150 - Loading lastest intraday close prices of set([u'600068.XSHG', u'000839.XSHE', u'002424.XSHE', u'601668.XSHG', u'000300.XSHG', u'000402.XSHE', u'600663.XSHG'])...
2016-08-26 10:00:31,005 [INFO] File:snapshot.py Line:105 - Successfully downloaded snapshot data!
2016-08-26 10:00:31,177 [INFO] File:snapshot.py Line:160 - Snapshot image saved at ./static/temp/snapshot.jpg.
2016-08-26 10:13:01,437 [INFO] File:snapshot.py Line:102 - Downloading snapshot data through scraper...
2016-08-26 10:13:01,437 [INFO] File:baidu.py Line:150 - Loading lastest intraday close prices of set([u'600068.XSHG', u'000839.XSHE', u'002424.XSHE', u'601668.XSHG', u'000300.XSHG', u'000402.XSHE', u'600663.XSHG'])...
2016-08-26 10:13:01,631 [INFO] File:snapshot.py Line:105 - Successfully downloaded snapshot data!
2016-08-26 10:13:01,763 [INFO] File:snapshot.py Line:160 - Snapshot image saved at ./static/temp/snapshot.jpg.
2016-08-26 10:13:01,763 [INFO] File:snapshot.py Line:102 - Downloading snapshot data through scraper...
2016-08-26 10:13:01,763 [INFO] File:baidu.py Line:150 - Loading lastest intraday close prices of set([u'600068.XSHG', u'000839.XSHE', u'002424.XSHE', u'601668.XSHG', u'000300.XSHG', u'000402.XSHE', u'600663.XSHG'])...
2016-08-26 10:13:01,930 [INFO] File:snapshot.py Line:105 - Successfully downloaded snapshot data!
2016-08-26 10:13:02,058 [INFO] File:snapshot.py Line:160 - Snapshot image saved at ./static/temp/snapshot.jpg.
2016-08-26 10:20:32,226 [INFO] File:snapshot.py Line:102 - Downloading snapshot data through scraper...
2016-08-26 10:20:32,226 [INFO] File:baidu.py Line:150 - Loading lastest intraday close prices of set([u'600068.XSHG', u'000839.XSHE', u'002424.XSHE', u'601668.XSHG', u'000300.XSHG', u'000402.XSHE', u'600663.XSHG'])...
2016-08-26 10:20:32,401 [INFO] File:snapshot.py Line:105 - Successfully downloaded snapshot data!
2016-08-26 10:20:32,538 [INFO] File:snapshot.py Line:160 - Snapshot image saved at ./static/temp/snapshot.jpg.
2016-08-26 10:20:32,539 [INFO] File:snapshot.py Line:102 - Downloading snapshot data through scraper...
2016-08-26 10:20:32,539 [INFO] File:baidu.py Line:150 - Loading lastest intraday close prices of set([u'600068.XSHG', u'000839.XSHE', u'002424.XSHE', u'601668.XSHG', u'000300.XSHG', u'000402.XSHE', u'600663.XSHG'])...
2016-08-26 10:20:32,710 [INFO] File:snapshot.py Line:105 - Successfully downloaded snapshot data!
2016-08-26 10:20:32,871 [INFO] File:snapshot.py Line:160 - Snapshot image saved at ./static/temp/snapshot.jpg.
2016-08-26 10:28:30,776 [INFO] File:snapshot.py Line:102 - Downloading snapshot data through scraper...
2016-08-26 10:28:30,776 [INFO] File:baidu.py Line:150 - Loading lastest intraday close prices of set([u'600068.XSHG', u'000839.XSHE', u'002424.XSHE', u'601668.XSHG', u'000300.XSHG', u'000402.XSHE', u'600663.XSHG'])...
2016-08-26 10:28:30,957 [INFO] File:snapshot.py Line:105 - Successfully downloaded snapshot data!
2016-08-26 10:28:31,088 [INFO] File:snapshot.py Line:160 - Snapshot image saved at ./static/temp/snapshot.jpg.
2016-08-26 10:28:31,088 [INFO] File:snapshot.py Line:102 - Downloading snapshot data through scraper...
2016-08-26 10:28:31,088 [INFO] File:baidu.py Line:150 - Loading lastest intraday close prices of set([u'600068.XSHG', u'000839.XSHE', u'002424.XSHE', u'601668.XSHG', u'000300.XSHG', u'000402.XSHE', u'600663.XSHG'])...
2016-08-26 10:28:31,265 [INFO] File:snapshot.py Line:105 - Successfully downloaded snapshot data!
2016-08-26 10:28:31,405 [INFO] File:snapshot.py Line:160 - Snapshot image saved at ./static/temp/snapshot.jpg.
2016-08-26 10:31:26,947 [INFO] File:snapshot.py Line:102 - Downloading snapshot data through scraper...
2016-08-26 10:31:26,947 [INFO] File:baidu.py Line:150 - Loading lastest intraday close prices of set([u'600068.XSHG', u'000839.XSHE', u'002424.XSHE', u'601668.XSHG', u'000300.XSHG', u'000402.XSHE', u'600663.XSHG'])...
2016-08-26 10:31:27,131 [INFO] File:snapshot.py Line:105 - Successfully downloaded snapshot data!
2016-08-26 10:31:27,299 [INFO] File:snapshot.py Line:160 - Snapshot image saved at ./static/temp/snapshot.jpg.
2016-08-26 10:31:27,299 [INFO] File:snapshot.py Line:102 - Downloading snapshot data through scraper...
2016-08-26 10:31:27,299 [INFO] File:baidu.py Line:150 - Loading lastest intraday close prices of set([u'600068.XSHG', u'000839.XSHE', u'002424.XSHE', u'601668.XSHG', u'000300.XSHG', u'000402.XSHE', u'600663.XSHG'])...
2016-08-26 10:31:27,469 [INFO] File:snapshot.py Line:105 - Successfully downloaded snapshot data!
2016-08-26 10:31:27,598 [INFO] File:snapshot.py Line:160 - Snapshot image saved at ./static/temp/snapshot.jpg.
2016-08-26 10:43:30,091 [INFO] File:snapshot.py Line:102 - Downloading snapshot data through scraper...
2016-08-26 10:43:30,092 [INFO] File:baidu.py Line:150 - Loading lastest intraday close prices of set([u'600068.XSHG', u'000839.XSHE', u'002424.XSHE', u'601668.XSHG', u'000300.XSHG', u'000402.XSHE', u'600663.XSHG'])...
2016-08-26 10:43:30,312 [INFO] File:snapshot.py Line:105 - Successfully downloaded snapshot data!
2016-08-26 10:43:30,476 [INFO] File:snapshot.py Line:160 - Snapshot image saved at ./static/temp/snapshot.jpg.
2016-08-26 10:43:30,476 [INFO] File:snapshot.py Line:102 - Downloading snapshot data through scraper...
2016-08-26 10:43:30,476 [INFO] File:baidu.py Line:150 - Loading lastest intraday close prices of set([u'600068.XSHG', u'000839.XSHE', u'002424.XSHE', u'601668.XSHG', u'000300.XSHG', u'000402.XSHE', u'600663.XSHG'])...
2016-08-26 10:43:30,670 [INFO] File:snapshot.py Line:105 - Successfully downloaded snapshot data!
2016-08-26 10:43:30,846 [INFO] File:snapshot.py Line:160 - Snapshot image saved at ./static/temp/snapshot.jpg.
2016-08-26 11:32:36,565 [INFO] File:snapshot.py Line:102 - Downloading snapshot data through scraper...
2016-08-26 11:32:36,565 [INFO] File:baidu.py Line:150 - Loading lastest intraday close prices of set([u'600068.XSHG', u'000839.XSHE', u'002424.XSHE', u'601668.XSHG', u'000300.XSHG', u'000402.XSHE', u'600663.XSHG'])...
2016-08-26 11:32:36,834 [INFO] File:snapshot.py Line:105 - Successfully downloaded snapshot data!
2016-08-26 11:32:37,038 [INFO] File:snapshot.py Line:160 - Snapshot image saved at ./static/temp/snapshot.jpg.
2016-08-26 11:32:37,040 [INFO] File:snapshot.py Line:178 - Snapshot data saved at ./static/temp/snapshot.json.
2016-08-26 11:32:37,040 [INFO] File:snapshot.py Line:102 - Downloading snapshot data through scraper...
2016-08-26 11:32:37,040 [INFO] File:baidu.py Line:150 - Loading lastest intraday close prices of set([u'600068.XSHG', u'000839.XSHE', u'002424.XSHE', u'601668.XSHG', u'000300.XSHG', u'000402.XSHE', u'600663.XSHG'])...
2016-08-26 11:32:37,269 [INFO] File:snapshot.py Line:105 - Successfully downloaded snapshot data!
2016-08-26 11:32:37,403 [INFO] File:snapshot.py Line:160 - Snapshot image saved at ./static/temp/snapshot.jpg.
2016-08-26 11:32:37,404 [INFO] File:snapshot.py Line:178 - Snapshot data saved at ./static/temp/snapshot.json.
2016-08-26 13:39:59,040 [INFO] File:snapshot.py Line:102 - Downloading snapshot data through scraper...
2016-08-26 13:39:59,040 [INFO] File:baidu.py Line:150 - Loading lastest intraday close prices of set([u'600068.XSHG', u'000839.XSHE', u'002424.XSHE', u'601668.XSHG', u'000300.XSHG', u'000402.XSHE', u'600663.XSHG'])...
2016-08-26 13:39:59,323 [INFO] File:snapshot.py Line:105 - Successfully downloaded snapshot data!
2016-08-26 13:39:59,463 [INFO] File:snapshot.py Line:160 - Snapshot image saved at ./static/temp/snapshot.jpg.
2016-08-26 13:39:59,463 [INFO] File:snapshot.py Line:102 - Downloading snapshot data through scraper...
2016-08-26 13:39:59,463 [INFO] File:baidu.py Line:150 - Loading lastest intraday close prices of set([u'600068.XSHG', u'000839.XSHE', u'002424.XSHE', u'601668.XSHG', u'000300.XSHG', u'000402.XSHE', u'600663.XSHG'])...
2016-08-26 13:39:59,719 [INFO] File:snapshot.py Line:105 - Successfully downloaded snapshot data!
2016-08-26 13:39:59,852 [INFO] File:snapshot.py Line:160 - Snapshot image saved at ./static/temp/snapshot.jpg.
2016-08-26 13:49:21,094 [INFO] File:snapshot.py Line:102 - Downloading snapshot data through scraper...
2016-08-26 13:49:21,094 [INFO] File:baidu.py Line:150 - Loading lastest intraday close prices of set([u'600068.XSHG', u'000839.XSHE', u'002424.XSHE', u'601668.XSHG', u'000300.XSHG', u'000402.XSHE', u'600663.XSHG'])...
2016-08-26 13:49:21,380 [INFO] File:snapshot.py Line:105 - Successfully downloaded snapshot data!
2016-08-26 13:49:21,546 [INFO] File:snapshot.py Line:160 - Snapshot image saved at ./static/temp/snapshot.jpg.
2016-08-26 13:49:21,546 [INFO] File:snapshot.py Line:102 - Downloading snapshot data through scraper...
2016-08-26 13:49:21,546 [INFO] File:baidu.py Line:150 - Loading lastest intraday close prices of set([u'600068.XSHG', u'000839.XSHE', u'002424.XSHE', u'601668.XSHG', u'000300.XSHG', u'000402.XSHE', u'600663.XSHG'])...
2016-08-26 13:49:21,829 [INFO] File:snapshot.py Line:105 - Successfully downloaded snapshot data!
2016-08-26 13:49:22,049 [INFO] File:snapshot.py Line:160 - Snapshot image saved at ./static/temp/snapshot.jpg.
2016-08-26 14:21:41,523 [INFO] File:snapshot.py Line:102 - Downloading snapshot data through scraper...
2016-08-26 14:21:41,523 [INFO] File:baidu.py Line:150 - Loading lastest intraday close prices of set([u'600068.XSHG', u'000839.XSHE', u'002424.XSHE', u'601668.XSHG', u'000300.XSHG', u'000402.XSHE', u'600663.XSHG'])...
2016-08-26 14:21:41,829 [INFO] File:snapshot.py Line:105 - Successfully downloaded snapshot data!
2016-08-26 14:21:41,970 [INFO] File:snapshot.py Line:160 - Snapshot image saved at ./static/temp/snapshot.jpg.
2016-08-26 14:21:41,971 [INFO] File:snapshot.py Line:102 - Downloading snapshot data through scraper...
2016-08-26 14:21:41,971 [INFO] File:baidu.py Line:150 - Loading lastest intraday close prices of set([u'600068.XSHG', u'000839.XSHE', u'002424.XSHE', u'601668.XSHG', u'000300.XSHG', u'000402.XSHE', u'600663.XSHG'])...
2016-08-26 14:21:42,269 [INFO] File:snapshot.py Line:105 - Successfully downloaded snapshot data!
2016-08-26 14:21:42,398 [INFO] File:snapshot.py Line:160 - Snapshot image saved at ./static/temp/snapshot.jpg.
2016-08-26 14:26:15,371 [INFO] File:snapshot.py Line:102 - Downloading snapshot data through scraper...
2016-08-26 14:26:15,371 [INFO] File:baidu.py Line:150 - Loading lastest intraday close prices of set([u'600068.XSHG', u'000839.XSHE', u'002424.XSHE', u'601668.XSHG', u'000300.XSHG', u'000402.XSHE', u'600663.XSHG'])...
2016-08-26 14:26:15,686 [INFO] File:snapshot.py Line:105 - Successfully downloaded snapshot data!
2016-08-26 14:26:15,819 [INFO] File:snapshot.py Line:160 - Snapshot image saved at ./static/temp/snapshot.jpg.
2016-08-26 14:26:15,819 [INFO] File:snapshot.py Line:102 - Downloading snapshot data through scraper...
2016-08-26 14:26:15,819 [INFO] File:baidu.py Line:150 - Loading lastest intraday close prices of set([u'600068.XSHG', u'000839.XSHE', u'002424.XSHE', u'601668.XSHG', u'000300.XSHG', u'000402.XSHE', u'600663.XSHG'])...
2016-08-26 14:26:16,118 [INFO] File:snapshot.py Line:105 - Successfully downloaded snapshot data!
2016-08-26 14:26:16,279 [INFO] File:snapshot.py Line:160 - Snapshot image saved at ./static/temp/snapshot.jpg.
2016-08-26 14:30:03,969 [INFO] File:snapshot.py Line:102 - Downloading snapshot data through scraper...
2016-08-26 14:30:03,969 [INFO] File:baidu.py Line:150 - Loading lastest intraday close prices of set([u'600068.XSHG', u'000839.XSHE', u'002424.XSHE', u'601668.XSHG', u'000300.XSHG', u'000402.XSHE', u'600663.XSHG'])...
2016-08-26 14:30:04,345 [INFO] File:snapshot.py Line:105 - Successfully downloaded snapshot data!
2016-08-26 14:30:04,474 [INFO] File:snapshot.py Line:160 - Snapshot image saved at ./static/temp/snapshot.jpg.
2016-08-26 14:30:04,474 [INFO] File:snapshot.py Line:102 - Downloading snapshot data through scraper...
2016-08-26 14:30:04,474 [INFO] File:baidu.py Line:150 - Loading lastest intraday close prices of set([u'600068.XSHG', u'000839.XSHE', u'002424.XSHE', u'601668.XSHG', u'000300.XSHG', u'000402.XSHE', u'600663.XSHG'])...
2016-08-26 14:30:04,767 [INFO] File:snapshot.py Line:105 - Successfully downloaded snapshot data!
2016-08-26 14:30:04,951 [INFO] File:snapshot.py Line:160 - Snapshot image saved at ./static/temp/snapshot.jpg.
2016-08-26 14:43:04,301 [INFO] File:snapshot.py Line:102 - Downloading snapshot data through scraper...
2016-08-26 14:43:04,301 [INFO] File:baidu.py Line:150 - Loading lastest intraday close prices of set([u'600068.XSHG', u'000839.XSHE', u'002424.XSHE', u'601668.XSHG', u'000300.XSHG', u'000402.XSHE', u'600663.XSHG'])...
2016-08-26 14:43:04,601 [INFO] File:snapshot.py Line:105 - Successfully downloaded snapshot data!
2016-08-26 14:43:04,757 [INFO] File:snapshot.py Line:160 - Snapshot image saved at ./static/temp/snapshot.jpg.
2016-08-26 14:43:04,757 [INFO] File:snapshot.py Line:102 - Downloading snapshot data through scraper...
2016-08-26 14:43:04,757 [INFO] File:baidu.py Line:150 - Loading lastest intraday close prices of set([u'600068.XSHG', u'000839.XSHE', u'002424.XSHE', u'601668.XSHG', u'000300.XSHG', u'000402.XSHE', u'600663.XSHG'])...
2016-08-26 14:43:05,105 [INFO] File:snapshot.py Line:105 - Successfully downloaded snapshot data!
2016-08-26 14:43:05,272 [INFO] File:snapshot.py Line:160 - Snapshot image saved at ./static/temp/snapshot.jpg.
2016-08-26 15:01:43,178 [INFO] File:snapshot.py Line:102 - Downloading snapshot data through scraper...
2016-08-26 15:01:43,178 [INFO] File:baidu.py Line:150 - Loading lastest intraday close prices of set([u'600068.XSHG', u'000839.XSHE', u'002424.XSHE', u'601668.XSHG', u'000300.XSHG', u'000402.XSHE', u'600663.XSHG'])...
2016-08-26 15:01:43,480 [INFO] File:snapshot.py Line:105 - Successfully downloaded snapshot data!
2016-08-26 15:01:43,651 [INFO] File:snapshot.py Line:160 - Snapshot image saved at ./static/temp/snapshot.jpg.
2016-08-26 15:01:43,654 [INFO] File:snapshot.py Line:178 - Snapshot data saved at ./static/temp/snapshot.json.
2016-08-26 15:01:43,654 [INFO] File:snapshot.py Line:102 - Downloading snapshot data through scraper...
2016-08-26 15:01:43,655 [INFO] File:baidu.py Line:150 - Loading lastest intraday close prices of set([u'600068.XSHG', u'000839.XSHE', u'002424.XSHE', u'601668.XSHG', u'000300.XSHG', u'000402.XSHE', u'600663.XSHG'])...
2016-08-26 15:01:43,971 [INFO] File:snapshot.py Line:105 - Successfully downloaded snapshot data!
2016-08-26 15:01:44,138 [INFO] File:snapshot.py Line:160 - Snapshot image saved at ./static/temp/snapshot.jpg.
2016-08-26 15:01:44,138 [INFO] File:snapshot.py Line:178 - Snapshot data saved at ./static/temp/snapshot.json.
2016-08-26 15:01:47,082 [INFO] File:snapshot.py Line:178 - Snapshot data saved at ./static/temp/snapshot.json.
2016-08-26 15:01:47,088 [INFO] File:terminal.py Line:251 - Portfolio data saved at ./lib/posdb.
2016-08-26 15:01:47,095 [INFO] File:terminal.py Line:262 - Benchmark data saved at ./static/temp/benchmark.json.
2016-08-26 15:01:47,096 [INFO] File:snapshot.py Line:178 - Snapshot data saved at ./static/temp/snapshot.json.
2016-08-26 15:01:47,101 [INFO] File:terminal.py Line:251 - Portfolio data saved at ./lib/posdb.
2016-08-26 15:01:47,280 [INFO] File:snapshot.py Line:178 - Snapshot data saved at ./static/temp/snapshot.json.
2016-08-26 15:01:47,286 [INFO] File:terminal.py Line:251 - Portfolio data saved at ./lib/posdb.
2016-08-26 15:01:47,288 [INFO] File:snapshot.py Line:178 - Snapshot data saved at ./static/temp/snapshot.json.
2016-08-26 15:01:47,292 [INFO] File:terminal.py Line:251 - Portfolio data saved at ./lib/posdb.
2016-08-26 15:01:47,437 [INFO] File:snapshot.py Line:178 - Snapshot data saved at ./static/temp/snapshot.json.
2016-08-26 15:01:47,441 [INFO] File:terminal.py Line:251 - Portfolio data saved at ./lib/posdb.
2016-08-26 15:01:47,444 [INFO] File:snapshot.py Line:178 - Snapshot data saved at ./static/temp/snapshot.json.
2016-08-26 15:01:47,450 [INFO] File:terminal.py Line:251 - Portfolio data saved at ./lib/posdb.
2016-08-26 15:01:47,621 [INFO] File:snapshot.py Line:178 - Snapshot data saved at ./static/temp/snapshot.json.
2016-08-26 15:01:47,628 [INFO] File:terminal.py Line:251 - Portfolio data saved at ./lib/posdb.
2016-08-26 15:01:47,628 [INFO] File:snapshot.py Line:178 - Snapshot data saved at ./static/temp/snapshot.json.
2016-08-26 15:01:47,634 [INFO] File:terminal.py Line:251 - Portfolio data saved at ./lib/posdb.
2016-08-26 15:01:47,773 [INFO] File:snapshot.py Line:178 - Snapshot data saved at ./static/temp/snapshot.json.
2016-08-26 15:01:47,780 [INFO] File:terminal.py Line:251 - Portfolio data saved at ./lib/posdb.
2016-08-26 15:01:47,782 [INFO] File:snapshot.py Line:178 - Snapshot data saved at ./static/temp/snapshot.json.
2016-08-26 15:01:47,788 [INFO] File:terminal.py Line:251 - Portfolio data saved at ./lib/posdb.
2016-08-26 15:01:47,957 [INFO] File:snapshot.py Line:178 - Snapshot data saved at ./static/temp/snapshot.json.
2016-08-26 15:01:47,963 [INFO] File:terminal.py Line:251 - Portfolio data saved at ./lib/posdb.
2016-08-26 15:01:47,966 [INFO] File:snapshot.py Line:178 - Snapshot data saved at ./static/temp/snapshot.json.
2016-08-26 15:01:47,970 [INFO] File:terminal.py Line:251 - Portfolio data saved at ./lib/posdb.
